  source.c
c:\users\elijah\desktop\cpts 122\cpts 122 project assignments\andrushenko_pa2\andrushenko_pa2\source.c(44): warning C4996: 'scanf': This function or variable may be unsafe. Consider using scanf_s instead. To disable deprecation, use _CRT_SECURE_NO_WARNINGS. See online help for details.
  c:\program files (x86)\windows kits\10\include\10.0.10240.0\ucrt\stdio.h(1270): note: see declaration of 'scanf'
c:\users\elijah\desktop\cpts 122\cpts 122 project assignments\andrushenko_pa2\andrushenko_pa2\source.c(80): warning C4996: 'strtok': This function or variable may be unsafe. Consider using strtok_s instead. To disable deprecation, use _CRT_SECURE_NO_WARNINGS. See online help for details.
  c:\program files (x86)\windows kits\10\include\10.0.10240.0\ucrt\string.h(453): note: see declaration of 'strtok'
c:\users\elijah\desktop\cpts 122\cpts 122 project assignments\andrushenko_pa2\andrushenko_pa2\source.c(84): warning C4996: 'strtok': This function or variable may be unsafe. Consider using strtok_s instead. To disable deprecation, use _CRT_SECURE_NO_WARNINGS. See online help for details.
  c:\program files (x86)\windows kits\10\include\10.0.10240.0\ucrt\string.h(453): note: see declaration of 'strtok'
c:\users\elijah\desktop\cpts 122\cpts 122 project assignments\andrushenko_pa2\andrushenko_pa2\source.c(107): warning C4996: 'strcpy': This function or variable may be unsafe. Consider using strcpy_s instead. To disable deprecation, use _CRT_SECURE_NO_WARNINGS. See online help for details.
  c:\program files (x86)\windows kits\10\include\10.0.10240.0\ucrt\string.h(119): note: see declaration of 'strcpy'
c:\users\elijah\desktop\cpts 122\cpts 122 project assignments\andrushenko_pa2\andrushenko_pa2\source.c(108): warning C4996: 'strcat': This function or variable may be unsafe. Consider using strcat_s instead. To disable deprecation, use _CRT_SECURE_NO_WARNINGS. See online help for details.
  c:\program files (x86)\windows kits\10\include\10.0.10240.0\ucrt\string.h(90): note: see declaration of 'strcat'
c:\users\elijah\desktop\cpts 122\cpts 122 project assignments\andrushenko_pa2\andrushenko_pa2\source.c(109): warning C4996: 'strcat': This function or variable may be unsafe. Consider using strcat_s instead. To disable deprecation, use _CRT_SECURE_NO_WARNINGS. See online help for details.
  c:\program files (x86)\windows kits\10\include\10.0.10240.0\ucrt\string.h(90): note: see declaration of 'strcat'
c:\users\elijah\desktop\cpts 122\cpts 122 project assignments\andrushenko_pa2\andrushenko_pa2\source.c(110): warning C4996: 'strcpy': This function or variable may be unsafe. Consider using strcpy_s instead. To disable deprecation, use _CRT_SECURE_NO_WARNINGS. See online help for details.
  c:\program files (x86)\windows kits\10\include\10.0.10240.0\ucrt\string.h(119): note: see declaration of 'strcpy'
c:\users\elijah\desktop\cpts 122\cpts 122 project assignments\andrushenko_pa2\andrushenko_pa2\source.c(136): warning C4996: 'strcpy': This function or variable may be unsafe. Consider using strcpy_s instead. To disable deprecation, use _CRT_SECURE_NO_WARNINGS. See online help for details.
  c:\program files (x86)\windows kits\10\include\10.0.10240.0\ucrt\string.h(119): note: see declaration of 'strcpy'
c:\users\elijah\desktop\cpts 122\cpts 122 project assignments\andrushenko_pa2\andrushenko_pa2\source.c(137): warning C4996: 'strtok': This function or variable may be unsafe. Consider using strtok_s instead. To disable deprecation, use _CRT_SECURE_NO_WARNINGS. See online help for details.
  c:\program files (x86)\windows kits\10\include\10.0.10240.0\ucrt\string.h(453): note: see declaration of 'strtok'
c:\users\elijah\desktop\cpts 122\cpts 122 project assignments\andrushenko_pa2\andrushenko_pa2\source.c(138): warning C4996: 'strcpy': This function or variable may be unsafe. Consider using strcpy_s instead. To disable deprecation, use _CRT_SECURE_NO_WARNINGS. See online help for details.
  c:\program files (x86)\windows kits\10\include\10.0.10240.0\ucrt\string.h(119): note: see declaration of 'strcpy'
c:\users\elijah\desktop\cpts 122\cpts 122 project assignments\andrushenko_pa2\andrushenko_pa2\source.c(141): warning C4996: 'strcpy': This function or variable may be unsafe. Consider using strcpy_s instead. To disable deprecation, use _CRT_SECURE_NO_WARNINGS. See online help for details.
  c:\program files (x86)\windows kits\10\include\10.0.10240.0\ucrt\string.h(119): note: see declaration of 'strcpy'
c:\users\elijah\desktop\cpts 122\cpts 122 project assignments\andrushenko_pa2\andrushenko_pa2\source.c(142): warning C4996: 'strtok': This function or variable may be unsafe. Consider using strtok_s instead. To disable deprecation, use _CRT_SECURE_NO_WARNINGS. See online help for details.
  c:\program files (x86)\windows kits\10\include\10.0.10240.0\ucrt\string.h(453): note: see declaration of 'strtok'
c:\users\elijah\desktop\cpts 122\cpts 122 project assignments\andrushenko_pa2\andrushenko_pa2\source.c(143): warning C4996: 'strcpy': This function or variable may be unsafe. Consider using strcpy_s instead. To disable deprecation, use _CRT_SECURE_NO_WARNINGS. See online help for details.
  c:\program files (x86)\windows kits\10\include\10.0.10240.0\ucrt\string.h(119): note: see declaration of 'strcpy'
c:\users\elijah\desktop\cpts 122\cpts 122 project assignments\andrushenko_pa2\andrushenko_pa2\source.c(146): warning C4996: 'strtok': This function or variable may be unsafe. Consider using strtok_s instead. To disable deprecation, use _CRT_SECURE_NO_WARNINGS. See online help for details.
  c:\program files (x86)\windows kits\10\include\10.0.10240.0\ucrt\string.h(453): note: see declaration of 'strtok'
c:\users\elijah\desktop\cpts 122\cpts 122 project assignments\andrushenko_pa2\andrushenko_pa2\source.c(147): warning C4996: 'strcpy': This function or variable may be unsafe. Consider using strcpy_s instead. To disable deprecation, use _CRT_SECURE_NO_WARNINGS. See online help for details.
  c:\program files (x86)\windows kits\10\include\10.0.10240.0\ucrt\string.h(119): note: see declaration of 'strcpy'
c:\users\elijah\desktop\cpts 122\cpts 122 project assignments\andrushenko_pa2\andrushenko_pa2\source.c(157): warning C4996: 'strcpy': This function or variable may be unsafe. Consider using strcpy_s instead. To disable deprecation, use _CRT_SECURE_NO_WARNINGS. See online help for details.
  c:\program files (x86)\windows kits\10\include\10.0.10240.0\ucrt\string.h(119): note: see declaration of 'strcpy'
c:\users\elijah\desktop\cpts 122\cpts 122 project assignments\andrushenko_pa2\andrushenko_pa2\source.c(158): warning C4996: 'strcpy': This function or variable may be unsafe. Consider using strcpy_s instead. To disable deprecation, use _CRT_SECURE_NO_WARNINGS. See online help for details.
  c:\program files (x86)\windows kits\10\include\10.0.10240.0\ucrt\string.h(119): note: see declaration of 'strcpy'
c:\users\elijah\desktop\cpts 122\cpts 122 project assignments\andrushenko_pa2\andrushenko_pa2\source.c(159): warning C4996: 'strcpy': This function or variable may be unsafe. Consider using strcpy_s instead. To disable deprecation, use _CRT_SECURE_NO_WARNINGS. See online help for details.
  c:\program files (x86)\windows kits\10\include\10.0.10240.0\ucrt\string.h(119): note: see declaration of 'strcpy'
c:\users\elijah\desktop\cpts 122\cpts 122 project assignments\andrushenko_pa2\andrushenko_pa2\source.c(160): warning C4996: 'strcpy': This function or variable may be unsafe. Consider using strcpy_s instead. To disable deprecation, use _CRT_SECURE_NO_WARNINGS. See online help for details.
  c:\program files (x86)\windows kits\10\include\10.0.10240.0\ucrt\string.h(119): note: see declaration of 'strcpy'
c:\users\elijah\desktop\cpts 122\cpts 122 project assignments\andrushenko_pa2\andrushenko_pa2\source.c(209): warning C4996: 'strcpy': This function or variable may be unsafe. Consider using strcpy_s instead. To disable deprecation, use _CRT_SECURE_NO_WARNINGS. See online help for details.
  c:\program files (x86)\windows kits\10\include\10.0.10240.0\ucrt\string.h(119): note: see declaration of 'strcpy'
c:\users\elijah\desktop\cpts 122\cpts 122 project assignments\andrushenko_pa2\andrushenko_pa2\source.c(210): warning C4996: 'strtok': This function or variable may be unsafe. Consider using strtok_s instead. To disable deprecation, use _CRT_SECURE_NO_WARNINGS. See online help for details.
  c:\program files (x86)\windows kits\10\include\10.0.10240.0\ucrt\string.h(453): note: see declaration of 'strtok'
c:\users\elijah\desktop\cpts 122\cpts 122 project assignments\andrushenko_pa2\andrushenko_pa2\source.c(211): warning C4996: 'strcpy': This function or variable may be unsafe. Consider using strcpy_s instead. To disable deprecation, use _CRT_SECURE_NO_WARNINGS. See online help for details.
  c:\program files (x86)\windows kits\10\include\10.0.10240.0\ucrt\string.h(119): note: see declaration of 'strcpy'
c:\users\elijah\desktop\cpts 122\cpts 122 project assignments\andrushenko_pa2\andrushenko_pa2\source.c(284): warning C4996: 'fopen': This function or variable may be unsafe. Consider using fopen_s instead. To disable deprecation, use _CRT_SECURE_NO_WARNINGS. See online help for details.
  c:\program files (x86)\windows kits\10\include\10.0.10240.0\ucrt\stdio.h(205): note: see declaration of 'fopen'
c:\users\elijah\desktop\cpts 122\cpts 122 project assignments\andrushenko_pa2\andrushenko_pa2\source.c(328): warning C4996: 'strcpy': This function or variable may be unsafe. Consider using strcpy_s instead. To disable deprecation, use _CRT_SECURE_NO_WARNINGS. See online help for details.
  c:\program files (x86)\windows kits\10\include\10.0.10240.0\ucrt\string.h(119): note: see declaration of 'strcpy'
c:\users\elijah\desktop\cpts 122\cpts 122 project assignments\andrushenko_pa2\andrushenko_pa2\source.c(329): warning C4996: 'strcpy': This function or variable may be unsafe. Consider using strcpy_s instead. To disable deprecation, use _CRT_SECURE_NO_WARNINGS. See online help for details.
  c:\program files (x86)\windows kits\10\include\10.0.10240.0\ucrt\string.h(119): note: see declaration of 'strcpy'
c:\users\elijah\desktop\cpts 122\cpts 122 project assignments\andrushenko_pa2\andrushenko_pa2\source.c(330): warning C4996: 'strcpy': This function or variable may be unsafe. Consider using strcpy_s instead. To disable deprecation, use _CRT_SECURE_NO_WARNINGS. See online help for details.
  c:\program files (x86)\windows kits\10\include\10.0.10240.0\ucrt\string.h(119): note: see declaration of 'strcpy'
c:\users\elijah\desktop\cpts 122\cpts 122 project assignments\andrushenko_pa2\andrushenko_pa2\source.c(333): warning C4996: 'strcpy': This function or variable may be unsafe. Consider using strcpy_s instead. To disable deprecation, use _CRT_SECURE_NO_WARNINGS. See online help for details.
  c:\program files (x86)\windows kits\10\include\10.0.10240.0\ucrt\string.h(119): note: see declaration of 'strcpy'
c:\users\elijah\desktop\cpts 122\cpts 122 project assignments\andrushenko_pa2\andrushenko_pa2\source.c(334): warning C4996: 'strcpy': This function or variable may be unsafe. Consider using strcpy_s instead. To disable deprecation, use _CRT_SECURE_NO_WARNINGS. See online help for details.
  c:\program files (x86)\windows kits\10\include\10.0.10240.0\ucrt\string.h(119): note: see declaration of 'strcpy'
c:\users\elijah\desktop\cpts 122\cpts 122 project assignments\andrushenko_pa2\andrushenko_pa2\source.c(335): warning C4996: 'strcpy': This function or variable may be unsafe. Consider using strcpy_s instead. To disable deprecation, use _CRT_SECURE_NO_WARNINGS. See online help for details.
  c:\program files (x86)\windows kits\10\include\10.0.10240.0\ucrt\string.h(119): note: see declaration of 'strcpy'
c:\users\elijah\desktop\cpts 122\cpts 122 project assignments\andrushenko_pa2\andrushenko_pa2\source.c(338): warning C4996: 'strcpy': This function or variable may be unsafe. Consider using strcpy_s instead. To disable deprecation, use _CRT_SECURE_NO_WARNINGS. See online help for details.
  c:\program files (x86)\windows kits\10\include\10.0.10240.0\ucrt\string.h(119): note: see declaration of 'strcpy'
c:\users\elijah\desktop\cpts 122\cpts 122 project assignments\andrushenko_pa2\andrushenko_pa2\source.c(339): warning C4996: 'strcpy': This function or variable may be unsafe. Consider using strcpy_s instead. To disable deprecation, use _CRT_SECURE_NO_WARNINGS. See online help for details.
  c:\program files (x86)\windows kits\10\include\10.0.10240.0\ucrt\string.h(119): note: see declaration of 'strcpy'
c:\users\elijah\desktop\cpts 122\cpts 122 project assignments\andrushenko_pa2\andrushenko_pa2\source.c(340): warning C4996: 'strcpy': This function or variable may be unsafe. Consider using strcpy_s instead. To disable deprecation, use _CRT_SECURE_NO_WARNINGS. See online help for details.
  c:\program files (x86)\windows kits\10\include\10.0.10240.0\ucrt\string.h(119): note: see declaration of 'strcpy'
c:\users\elijah\desktop\cpts 122\cpts 122 project assignments\andrushenko_pa2\andrushenko_pa2\source.c(343): warning C4996: 'strcpy': This function or variable may be unsafe. Consider using strcpy_s instead. To disable deprecation, use _CRT_SECURE_NO_WARNINGS. See online help for details.
  c:\program files (x86)\windows kits\10\include\10.0.10240.0\ucrt\string.h(119): note: see declaration of 'strcpy'
c:\users\elijah\desktop\cpts 122\cpts 122 project assignments\andrushenko_pa2\andrushenko_pa2\source.c(344): warning C4996: 'strcpy': This function or variable may be unsafe. Consider using strcpy_s instead. To disable deprecation, use _CRT_SECURE_NO_WARNINGS. See online help for details.
  c:\program files (x86)\windows kits\10\include\10.0.10240.0\ucrt\string.h(119): note: see declaration of 'strcpy'
c:\users\elijah\desktop\cpts 122\cpts 122 project assignments\andrushenko_pa2\andrushenko_pa2\source.c(345): warning C4996: 'strcpy': This function or variable may be unsafe. Consider using strcpy_s instead. To disable deprecation, use _CRT_SECURE_NO_WARNINGS. See online help for details.
  c:\program files (x86)\windows kits\10\include\10.0.10240.0\ucrt\string.h(119): note: see declaration of 'strcpy'
c:\users\elijah\desktop\cpts 122\cpts 122 project assignments\andrushenko_pa2\andrushenko_pa2\source.c(415): warning C4996: 'scanf': This function or variable may be unsafe. Consider using scanf_s instead. To disable deprecation, use _CRT_SECURE_NO_WARNINGS. See online help for details.
  c:\program files (x86)\windows kits\10\include\10.0.10240.0\ucrt\stdio.h(1270): note: see declaration of 'scanf'
c:\users\elijah\desktop\cpts 122\cpts 122 project assignments\andrushenko_pa2\andrushenko_pa2\source.c(417): warning C4996: 'scanf': This function or variable may be unsafe. Consider using scanf_s instead. To disable deprecation, use _CRT_SECURE_NO_WARNINGS. See online help for details.
  c:\program files (x86)\windows kits\10\include\10.0.10240.0\ucrt\stdio.h(1270): note: see declaration of 'scanf'
c:\users\elijah\desktop\cpts 122\cpts 122 project assignments\andrushenko_pa2\andrushenko_pa2\source.c(419): warning C4996: 'scanf': This function or variable may be unsafe. Consider using scanf_s instead. To disable deprecation, use _CRT_SECURE_NO_WARNINGS. See online help for details.
  c:\program files (x86)\windows kits\10\include\10.0.10240.0\ucrt\stdio.h(1270): note: see declaration of 'scanf'
c:\users\elijah\desktop\cpts 122\cpts 122 project assignments\andrushenko_pa2\andrushenko_pa2\source.c(421): warning C4996: 'scanf': This function or variable may be unsafe. Consider using scanf_s instead. To disable deprecation, use _CRT_SECURE_NO_WARNINGS. See online help for details.
  c:\program files (x86)\windows kits\10\include\10.0.10240.0\ucrt\stdio.h(1270): note: see declaration of 'scanf'
c:\users\elijah\desktop\cpts 122\cpts 122 project assignments\andrushenko_pa2\andrushenko_pa2\source.c(423): warning C4996: 'scanf': This function or variable may be unsafe. Consider using scanf_s instead. To disable deprecation, use _CRT_SECURE_NO_WARNINGS. See online help for details.
  c:\program files (x86)\windows kits\10\include\10.0.10240.0\ucrt\stdio.h(1270): note: see declaration of 'scanf'
c:\users\elijah\desktop\cpts 122\cpts 122 project assignments\andrushenko_pa2\andrushenko_pa2\source.c(425): warning C4996: 'scanf': This function or variable may be unsafe. Consider using scanf_s instead. To disable deprecation, use _CRT_SECURE_NO_WARNINGS. See online help for details.
  c:\program files (x86)\windows kits\10\include\10.0.10240.0\ucrt\stdio.h(1270): note: see declaration of 'scanf'
c:\users\elijah\desktop\cpts 122\cpts 122 project assignments\andrushenko_pa2\andrushenko_pa2\source.c(427): warning C4996: 'scanf': This function or variable may be unsafe. Consider using scanf_s instead. To disable deprecation, use _CRT_SECURE_NO_WARNINGS. See online help for details.
  c:\program files (x86)\windows kits\10\include\10.0.10240.0\ucrt\stdio.h(1270): note: see declaration of 'scanf'
c:\users\elijah\desktop\cpts 122\cpts 122 project assignments\andrushenko_pa2\andrushenko_pa2\source.c(429): warning C4996: 'scanf': This function or variable may be unsafe. Consider using scanf_s instead. To disable deprecation, use _CRT_SECURE_NO_WARNINGS. See online help for details.
  c:\program files (x86)\windows kits\10\include\10.0.10240.0\ucrt\stdio.h(1270): note: see declaration of 'scanf'
c:\users\elijah\desktop\cpts 122\cpts 122 project assignments\andrushenko_pa2\andrushenko_pa2\source.c(433): warning C4996: 'strcpy': This function or variable may be unsafe. Consider using strcpy_s instead. To disable deprecation, use _CRT_SECURE_NO_WARNINGS. See online help for details.
  c:\program files (x86)\windows kits\10\include\10.0.10240.0\ucrt\string.h(119): note: see declaration of 'strcpy'
c:\users\elijah\desktop\cpts 122\cpts 122 project assignments\andrushenko_pa2\andrushenko_pa2\source.c(434): warning C4996: 'strcpy': This function or variable may be unsafe. Consider using strcpy_s instead. To disable deprecation, use _CRT_SECURE_NO_WARNINGS. See online help for details.
  c:\program files (x86)\windows kits\10\include\10.0.10240.0\ucrt\string.h(119): note: see declaration of 'strcpy'
c:\users\elijah\desktop\cpts 122\cpts 122 project assignments\andrushenko_pa2\andrushenko_pa2\source.c(435): warning C4996: 'strcpy': This function or variable may be unsafe. Consider using strcpy_s instead. To disable deprecation, use _CRT_SECURE_NO_WARNINGS. See online help for details.
  c:\program files (x86)\windows kits\10\include\10.0.10240.0\ucrt\string.h(119): note: see declaration of 'strcpy'
c:\users\elijah\desktop\cpts 122\cpts 122 project assignments\andrushenko_pa2\andrushenko_pa2\source.c(436): warning C4996: 'strcpy': This function or variable may be unsafe. Consider using strcpy_s instead. To disable deprecation, use _CRT_SECURE_NO_WARNINGS. See online help for details.
  c:\program files (x86)\windows kits\10\include\10.0.10240.0\ucrt\string.h(119): note: see declaration of 'strcpy'
c:\users\elijah\desktop\cpts 122\cpts 122 project assignments\andrushenko_pa2\andrushenko_pa2\source.c(483): warning C4022: 'free': pointer mismatch for actual parameter 1
c:\users\elijah\desktop\cpts 122\cpts 122 project assignments\andrushenko_pa2\andrushenko_pa2\source.c(484): warning C4022: 'free': pointer mismatch for actual parameter 1
c:\users\elijah\desktop\cpts 122\cpts 122 project assignments\andrushenko_pa2\andrushenko_pa2\source.c(485): warning C4022: 'free': pointer mismatch for actual parameter 1
c:\users\elijah\desktop\cpts 122\cpts 122 project assignments\andrushenko_pa2\andrushenko_pa2\source.c(486): warning C4022: 'free': pointer mismatch for actual parameter 1
c:\users\elijah\desktop\cpts 122\cpts 122 project assignments\andrushenko_pa2\andrushenko_pa2\source.c(459): warning C4996: 'scanf': This function or variable may be unsafe. Consider using scanf_s instead. To disable deprecation, use _CRT_SECURE_NO_WARNINGS. See online help for details.
  c:\program files (x86)\windows kits\10\include\10.0.10240.0\ucrt\stdio.h(1270): note: see declaration of 'scanf'
  main.c
c:\users\elijah\desktop\cpts 122\cpts 122 project assignments\andrushenko_pa2\andrushenko_pa2\main.c(36): warning C4996: 'fopen': This function or variable may be unsafe. Consider using fopen_s instead. To disable deprecation, use _CRT_SECURE_NO_WARNINGS. See online help for details.
  c:\program files (x86)\windows kits\10\include\10.0.10240.0\ucrt\stdio.h(205): note: see declaration of 'fopen'
  Generating Code...
c:\users\elijah\desktop\cpts 122\cpts 122 project assignments\andrushenko_pa2\andrushenko_pa2\source.c(373): warning C4716: 'sortArtist': must return a value
  Andrushenko_PA2.vcxproj -> C:\Users\Elijah\Desktop\CPTS 122\CPTS 122 Project Assignments\Andrushenko_PA2\Debug\Andrushenko_PA2.exe
